<?xml version="1.0" encoding="UTF-8"?>
<!-- Generated by org.testng.reporters.JUnitXMLReporter -->
<testsuite ignored="2" hostname="Rabbia-Riaz" failures="0" tests="1" name="AdTech" time="0.536" errors="0" timestamp="21 Apr 2021 21:27:09 GMT">
  <testcase classname="TestCasesPackage.LoginTestcases" name="LoginUserTestCase" time="0.504"/>
  <testcase classname="FrameworkHelperPackage.DesireCapabilitiesClass" name="@BeforeSuite DesireCapability" time="0.0">
    <ignored/>
  </testcase> <!-- @BeforeSuite DesireCapability -->
  <testcase classname="FrameworkHelperPackage.DesireCapabilitiesClass" name="@BeforeSuite DesireCapability" time="0.0">
    <ignored/>
  </testcase> <!-- @BeforeSuite DesireCapability -->
</testsuite> <!-- AdTech -->
